<?xml version="1.0" encoding="UTF-8"?>
<!-- Generated by org.testng.reporters.JUnitReportReporter -->
<testsuite hostname="HPDA0221" name="testingGeeksforgeeks.testingGeeksforgeeks" tests="1" failures="0" timestamp="3 Sep 2019 08:33:24 GMT" time="165.985" errors="0">
  <testcase name="verifyGeeksforgeeks" time="165.985" classname="testingGeeksforgeeks.testingGeeksforgeeks"/>
</testsuite> <!-- testingGeeksforgeeks.testingGeeksforgeeks -->
